<?xml version="1.0" encoding="UTF-8"?>
<!-- Generated by org.testng.reporters.JUnitXMLReporter -->
<testsuite ignored="0" hostname="LAPTOP-LC3H17N7" failures="0" tests="4" name="Default test" time="4.589" errors="0" timestamp="2023-02-24T23:33:02 EST">
  <testcase classname="com.employeeapi.testCases.TC005_Delete_Employee_Record" name="checkResponseBody" time="0.017"/>
  <testcase classname="com.employeeapi.testCases.TC005_Delete_Employee_Record" name="checkResponseTime" time="0.008"/>
  <testcase classname="com.employeeapi.testCases.TC005_Delete_Employee_Record" name="checkStatusCode" time="0.005"/>
  <testcase classname="com.employeeapi.testCases.TC005_Delete_Employee_Record" name="checkStatusLine" time="0.002"/>
</testsuite> <!-- Default test -->
