<?xml version="1.0" encoding="UTF-8"?>
<!-- Generated by org.testng.reporters.JUnitXMLReporter -->
<testsuite ignored="0" hostname="LAPTOP-LC3H17N7" failures="0" tests="26" name="Test" time="17.213" errors="0" timestamp="2023-02-25T00:17:15 EST">
  <testcase classname="com.employeeapi.testCases.TC003_Post_Employee_Record" name="checkContentType" time="0.009"/>
  <testcase classname="com.employeeapi.testCases.TC003_Post_Employee_Record" name="checkResponseBody" time="0.031"/>
  <testcase classname="com.employeeapi.testCases.TC003_Post_Employee_Record" name="checkResponseTime" time="0.006"/>
  <testcase classname="com.employeeapi.testCases.TC003_Post_Employee_Record" name="checkStatusCode" time="0.003"/>
  <testcase classname="com.employeeapi.testCases.TC003_Post_Employee_Record" name="checkStatusLine" time="0.006"/>
  <testcase classname="com.employeeapi.testCases.TC004_Put_Employee_Record" name="checkContentType" time="0.003"/>
  <testcase classname="com.employeeapi.testCases.TC004_Put_Employee_Record" name="checkResponseBody" time="0.005"/>
  <testcase classname="com.employeeapi.testCases.TC004_Put_Employee_Record" name="checkResponseTime" time="0.002"/>
  <testcase classname="com.employeeapi.testCases.TC004_Put_Employee_Record" name="checkStatusCode" time="0.004"/>
  <testcase classname="com.employeeapi.testCases.TC004_Put_Employee_Record" name="checkStatusLine" time="0.002"/>
  <testcase classname="com.employeeapi.testCases.TC005_Delete_Employee_Record" name="checkResponseBody" time="0.002"/>
  <testcase classname="com.employeeapi.testCases.TC005_Delete_Employee_Record" name="checkResponseTime" time="0.004"/>
  <testcase classname="com.employeeapi.testCases.TC005_Delete_Employee_Record" name="checkStatusCode" time="0.002"/>
  <testcase classname="com.employeeapi.testCases.TC005_Delete_Employee_Record" name="checkStatusLine" time="0.002"/>
  <testcase classname="com.employeeapi.testCases.TC001_Get_All_Employees" name="checkContentEncoding" time="0.002"/>
  <testcase classname="com.employeeapi.testCases.TC001_Get_All_Employees" name="checkContentType" time="0.001"/>
  <testcase classname="com.employeeapi.testCases.TC001_Get_All_Employees" name="checkResponseBody" time="0.003"/>
  <testcase classname="com.employeeapi.testCases.TC001_Get_All_Employees" name="checkResponseTime" time="0.001"/>
  <testcase classname="com.employeeapi.testCases.TC001_Get_All_Employees" name="checkStatusCode" time="0.001"/>
  <testcase classname="com.employeeapi.testCases.TC001_Get_All_Employees" name="checkStatusLine" time="0.002"/>
  <testcase classname="com.employeeapi.testCases.TC002_Get_Single_Employee_Record" name="checkContentEncoding" time="0.004"/>
  <testcase classname="com.employeeapi.testCases.TC002_Get_Single_Employee_Record" name="checkContentType" time="0.002"/>
  <testcase classname="com.employeeapi.testCases.TC002_Get_Single_Employee_Record" name="checkResponseBody" time="0.004"/>
  <testcase classname="com.employeeapi.testCases.TC002_Get_Single_Employee_Record" name="checkResponseTime" time="0.003"/>
  <testcase classname="com.employeeapi.testCases.TC002_Get_Single_Employee_Record" name="checkStatusCode" time="0.006"/>
  <testcase classname="com.employeeapi.testCases.TC002_Get_Single_Employee_Record" name="checkStatusLine" time="0.001"/>
</testsuite> <!-- Test -->
