<?xml version="1.0" encoding="UTF-8"?>
<testng-results ignored="0" total="4" passed="4" failed="0" skipped="0">
  <reporter-output>
  </reporter-output>
  <suite started-at="2023-02-24T23:32:57 EST" name="Default suite" finished-at="2023-02-24T23:33:02 EST" duration-ms="4589">
    <groups>
    </groups>
    <test started-at="2023-02-24T23:32:57 EST" name="Default test" finished-at="2023-02-24T23:33:02 EST" duration-ms="4589">
      <class name="com.employeeapi.testCases.TC005_Delete_Employee_Record">
        <test-method is-config="true" signature="setup()[pri:0, instance:com.employeeapi.testCases.TC005_Delete_Employee_Record@6e0f5f7f]" started-at="2023-02-24T23:32:57 EST" name="setup" finished-at="2023-02-24T23:32:58 EST" duration-ms="750" status="PASS">
          <reporter-output>
          </reporter-output>
        </test-method> <!-- setup -->
        <test-method is-config="true" signature="deleteEmployee()[pri:0, instance:com.employeeapi.testCases.TC005_Delete_Employee_Record@6e0f5f7f]" started-at="2023-02-24T23:32:58 EST" name="deleteEmployee" finished-at="2023-02-24T23:33:02 EST" duration-ms="3739" status="PASS">
          <reporter-output>
          </reporter-output>
        </test-method> <!-- deleteEmployee -->
        <test-method signature="checkResponseBody()[pri:0, instance:com.employeeapi.testCases.TC005_Delete_Employee_Record@6e0f5f7f]" started-at="2023-02-24T23:33:02 EST" name="checkResponseBody" finished-at="2023-02-24T23:33:02 EST" duration-ms="17" status="PASS">
          <reporter-output>
          </reporter-output>
        </test-method> <!-- checkResponseBody -->
        <test-method signature="checkResponseTime()[pri:0, instance:com.employeeapi.testCases.TC005_Delete_Employee_Record@6e0f5f7f]" started-at="2023-02-24T23:33:02 EST" name="checkResponseTime" finished-at="2023-02-24T23:33:02 EST" duration-ms="8" status="PASS">
          <reporter-output>
          </reporter-output>
        </test-method> <!-- checkResponseTime -->
        <test-method signature="checkStatusCode()[pri:0, instance:com.employeeapi.testCases.TC005_Delete_Employee_Record@6e0f5f7f]" started-at="2023-02-24T23:33:02 EST" name="checkStatusCode" finished-at="2023-02-24T23:33:02 EST" duration-ms="5" status="PASS">
          <reporter-output>
          </reporter-output>
        </test-method> <!-- checkStatusCode -->
        <test-method signature="checkStatusLine()[pri:0, instance:com.employeeapi.testCases.TC005_Delete_Employee_Record@6e0f5f7f]" started-at="2023-02-24T23:33:02 EST" name="checkStatusLine" finished-at="2023-02-24T23:33:02 EST" duration-ms="2" status="PASS">
          <reporter-output>
          </reporter-output>
        </test-method> <!-- checkStatusLine -->
        <test-method is-config="true" signature="tearDown()[pri:0, instance:com.employeeapi.testCases.TC005_Delete_Employee_Record@6e0f5f7f]" started-at="2023-02-24T23:33:02 EST" name="tearDown" finished-at="2023-02-24T23:33:02 EST" duration-ms="1" status="PASS">
          <reporter-output>
          </reporter-output>
        </test-method> <!-- tearDown -->
      </class> <!-- com.employeeapi.testCases.TC005_Delete_Employee_Record -->
    </test> <!-- Default test -->
  </suite> <!-- Default suite -->
</testng-results>
